<?xml version="1.0" encoding="UTF-8"?>
<!-- Generated by org.testng.reporters.JUnitReportReporter -->
<testsuite skipped="0" hostname="admin-PC" name="pagefactor.MercuryhomeTestHomeTest" tests="1" failures="0" timestamp="07 Nov 2018 00:51:26 GMT" time="7.451" errors="0">
  <testcase name="home" time="7.451" classname="pagefactor.MercuryhomeTestHomeTest"/>
</testsuite> <!-- pagefactor.MercuryhomeTestHomeTest -->
