<?xml version="1.0" encoding="UTF-8"?>
<!-- Generated by org.testng.reporters.JUnitReportReporter -->
<testsuite skipped="0" hostname="admin-PC" name="fileinput.Gmaildatadriven" tests="1" failures="0" timestamp="06 Nov 2018 04:34:43 GMT" time="78.685" errors="0">
  <testcase name="gmaillogin" time="78.685" classname="fileinput.Gmaildatadriven"/>
</testsuite> <!-- fileinput.Gmaildatadriven -->
