<?xml version="1.0" encoding="UTF-8"?>
<!-- Generated by org.testng.reporters.JUnitReportReporter -->
<testsuite skipped="0" hostname="admin-PC" name="multibrowsing.gmailloginn" tests="1" failures="0" timestamp="05 Nov 2018 13:03:39 GMT" time="9.352" errors="0">
  <testcase name="f" time="9.352" classname="multibrowsing.gmailloginn"/>
</testsuite> <!-- multibrowsing.gmailloginn -->
