<?xml version="1.0" encoding="UTF-8"?>
<!-- Generated by org.testng.reporters.JUnitReportReporter -->
<testsuite skipped="0" hostname="admin-PC" name="multisheetwithoutexcell.NegativeScenerios" tests="1" failures="0" timestamp="06 Nov 2018 06:05:20 GMT" time="12.461" errors="0">
  <testcase name="f" time="12.461" classname="multisheetwithoutexcell.NegativeScenerios"/>
</testsuite> <!-- multisheetwithoutexcell.NegativeScenerios -->
