<?xml version="1.0" encoding="UTF-8"?>
<!-- Generated by org.testng.reporters.JUnitReportReporter -->
<testsuite skipped="0" hostname="admin-PC" name="insurence.NewTest" tests="1" failures="0" timestamp="04 Feb 2019 13:18:22 GMT" time="64.596" errors="0">
  <testcase name="f" time="64.596" classname="insurence.NewTest"/>
</testsuite> <!-- insurence.NewTest -->
