<?xml version="1.0" encoding="UTF-8"?>
<!-- Generated by org.testng.reporters.JUnitReportReporter -->
<testsuite skipped="0" hostname="admin-PC" name="listeners.asserttest" tests="1" failures="0" timestamp="13 Jan 2019 02:50:11 GMT" time="0.032" errors="0">
  <testcase name="f" time="0.032" classname="listeners.asserttest"/>
</testsuite> <!-- listeners.asserttest -->
