<?xml version="1.0" encoding="UTF-8"?>
<!-- Generated by org.testng.reporters.JUnitReportReporter -->
<testsuite skipped="0" hostname="admin-PC" name="file.datadrivenusingproperties" tests="1" failures="0" timestamp="05 Mar 2019 09:28:47 GMT" time="11.361" errors="0">
  <testcase name="f" time="11.361" classname="file.datadrivenusingproperties"/>
</testsuite> <!-- file.datadrivenusingproperties -->
