<?xml version="1.0" encoding="UTF-8"?>
<!-- Generated by org.testng.reporters.JUnitReportReporter -->
<testsuite skipped="0" hostname="admin-PC" name="logsSucussFailurSkeep.Gmaildatadriven" tests="1" failures="0" timestamp="11 Nov 2018 02:09:57 GMT" time="51.357" errors="0">
  <testcase name="gmaillogin" time="51.357" classname="logsSucussFailurSkeep.Gmaildatadriven"/>
</testsuite> <!-- logsSucussFailurSkeep.Gmaildatadriven -->
