<?xml version="1.0" encoding="UTF-8"?>
<!-- Generated by org.testng.reporters.JUnitReportReporter -->
<testsuite skipped="0" hostname="admin-PC" name="fileinput.writngtoxml" tests="1" failures="0" timestamp="05 Mar 2019 13:56:18 GMT" time="0.412" errors="0">
  <testcase name="write" time="0.412" classname="fileinput.writngtoxml"/>
</testsuite> <!-- fileinput.writngtoxml -->
