<?xml version="1.0" encoding="UTF-8"?>
<!-- Generated by org.testng.reporters.JUnitReportReporter -->
<testsuite skipped="0" hostname="admin-PC" name="waitcomands.Waitcommands" tests="1" failures="0" timestamp="26 Oct 2018 04:15:04 GMT" time="24.483" errors="0">
  <testcase name="f" time="24.483" classname="waitcomands.Waitcommands"/>
</testsuite> <!-- waitcomands.Waitcommands -->
