<?xml version="1.0" encoding="UTF-8"?>
<!-- Generated by org.testng.reporters.JUnitReportReporter -->
<testsuite skipped="0" hostname="admin-PC" name="multisheet.multisheet" tests="1" failures="0" timestamp="01 Nov 2018 05:04:59 GMT" time="3.568" errors="0">
  <testcase name="f" time="3.568" classname="multisheet.multisheet"/>
</testsuite> <!-- multisheet.multisheet -->
