<?xml version="1.0" encoding="UTF-8"?>
<!-- Generated by org.testng.reporters.JUnitReportReporter -->
<testsuite skipped="0" hostname="admin-PC" name="com.amazon.qa.base.sampleTest" tests="1" failures="0" timestamp="24 Jan 2019 01:54:20 GMT" time="15.951" errors="0">
  <testcase name="name1" time="15.951" classname="com.amazon.qa.base.sampleTest"/>
</testsuite> <!-- com.amazon.qa.base.sampleTest -->
